Using pre-set license
Built from '2021.2/staging' branch; Version is '2021.2.7f1 (6bd9e232123f) revision 7068130'; Using compiler version '192829333'; Build Type 'Release'
OS: 'Windows 11  (10.0.22621) 64bit Professional' Language: 'en' Physical Memory: 16233 MB
BatchMode: 1, IsHumanControllingUs: 0, StartBugReporterOnCrash: 0, Is64bit: 1, IsPro: 0

COMMAND LINE ARGUMENTS:
C:\Program Files\Unity Editors\2021.2.7f1\Editor\Unity.exe
-adb2
-batchMode
-noUpm
-name
AssetImportWorker2
-projectPath
C:/Users/atiya/Desktop/MG_revamped/GMTK2020_Kotiya/GMTK2020_Kotiya
-logFile
Logs/AssetImportWorker2.log
-srvPort
55908
Successfully changed project path to: C:/Users/atiya/Desktop/MG_revamped/GMTK2020_Kotiya/GMTK2020_Kotiya
C:/Users/atiya/Desktop/MG_revamped/GMTK2020_Kotiya/GMTK2020_Kotiya
[UnityMemory] Configuration Parameters - Can be set up in boot.config
    "memorysetup-bucket-allocator-granularity=16"
    "memorysetup-bucket-allocator-bucket-count=8"
    "memorysetup-bucket-allocator-block-size=33554432"
    "memorysetup-bucket-allocator-block-count=8"
    "memorysetup-main-allocator-block-size=16777216"
    "memorysetup-thread-allocator-block-size=16777216"
    "memorysetup-gfx-main-allocator-block-size=16777216"
    "memorysetup-gfx-thread-allocator-block-size=16777216"
    "memorysetup-cache-allocator-block-size=4194304"
    "memorysetup-typetree-allocator-block-size=2097152"
    "memorysetup-profiler-bucket-allocator-granularity=16"
    "memorysetup-profiler-bucket-allocator-bucket-count=8"
    "memorysetup-profiler-bucket-allocator-block-size=33554432"
    "memorysetup-profiler-bucket-allocator-block-count=8"
    "memorysetup-profiler-allocator-block-size=16777216"
    "memorysetup-profiler-editor-allocator-block-size=1048576"
    "memorysetup-temp-allocator-size-main=16777216"
    "memorysetup-job-temp-allocator-block-size=2097152"
    "memorysetup-job-temp-allocator-block-size-background=1048576"
    "memorysetup-job-temp-allocator-reduction-small-platforms=262144"
    "memorysetup-temp-allocator-size-background-worker=32768"
    "memorysetup-temp-allocator-size-job-worker=262144"
    "memorysetup-temp-allocator-size-preload-manager=33554432"
    "memorysetup-temp-allocator-size-nav-mesh-worker=65536"
    "memorysetup-temp-allocator-size-audio-worker=65536"
    "memorysetup-temp-allocator-size-cloud-worker=32768"
    "memorysetup-temp-allocator-size-gi-baking-worker=262144"
    "memorysetup-temp-allocator-size-gfx=262144"
Refreshing native plugins compatible for Editor in 42.68 ms, found 2 plugins.
Preloading 0 native plugins for Editor in 0.00 ms.
Initialize engine version: 2021.2.7f1 (6bd9e232123f)
[Subsystems] Discovering subsystems at path C:/Program Files/Unity Editors/2021.2.7f1/Editor/Data/Resources/UnitySubsystems
[Subsystems] Discovering subsystems at path C:/Users/atiya/Desktop/MG_revamped/GMTK2020_Kotiya/GMTK2020_Kotiya/Assets
GfxDevice: creating device client; threaded=0; jobified=0
Direct3D:
    Version:  Direct3D 11.0 [level 11.1]
    Renderer: NVIDIA GeForce RTX 2070 (ID=0x1f10)
    Vendor:   NVIDIA
    VRAM:     8019 MB
    Driver:   31.0.15.3179
Initialize mono
Mono path[0] = 'C:/Program Files/Unity Editors/2021.2.7f1/Editor/Data/Managed'
Mono path[1] = 'C:/Program Files/Unity Editors/2021.2.7f1/Editor/Data/MonoBleedingEdge/lib/mono/unityjit-win32'
Mono config path = 'C:/Program Files/Unity Editors/2021.2.7f1/Editor/Data/MonoBleedingEdge/etc'
Using monoOptions --debugger-agent=transport=dt_socket,embedding=1,server=y,suspend=n,address=127.0.0.1:56000
Begin MonoManager ReloadAssembly
Registering precompiled unity dll's ...
Register platform support module: C:/Program Files/Unity Editors/2021.2.7f1/Editor/Data/PlaybackEngines/WebGLSupport/UnityEditor.WebGL.Extensions.dll
Register platform support module: C:/Program Files/Unity Editors/2021.2.7f1/Editor/Data/PlaybackEngines/WindowsStandaloneSupport/UnityEditor.WindowsStandalone.Extensions.dll
Registered in 0.005710 seconds.
Native extension for WindowsStandalone target not found
Native extension for WebGL target not found
Refreshing native plugins compatible for Editor in 51.27 ms, found 2 plugins.
Preloading 0 native plugins for Editor in 0.00 ms.
Mono: successfully reloaded assembly
- Completed reload, in  0.902 seconds
Domain Reload Profiling:
	ReloadAssembly (902ms)
		BeginReloadAssembly (104ms)
			ExecutionOrderSort (0ms)
			DisableScriptedObjects (0ms)
			BackupInstance (0ms)
			ReleaseScriptingObjects (0ms)
			CreateAndSetChildDomain (1ms)
		EndReloadAssembly (675ms)
			LoadAssemblies (102ms)
			RebuildTransferFunctionScriptingTraits (0ms)
			SetupTypeCache (189ms)
			ReleaseScriptCaches (0ms)
			RebuildScriptCaches (39ms)
			SetupLoadedEditorAssemblies (367ms)
				LogAssemblyErrors (0ms)
				InitializePlatformSupportModulesInManaged (28ms)
				SetLoadedEditorAssemblies (0ms)
				RefreshPlugins (51ms)
				BeforeProcessingInitializeOnLoad (2ms)
				ProcessInitializeOnLoadAttributes (216ms)
				ProcessInitializeOnLoadMethodAttributes (69ms)
				AfterProcessingInitializeOnLoad (0ms)
				EditorAssembliesLoaded (0ms)
			ExecutionOrderSort2 (0ms)
			AwakeInstancesAfterBackupRestoration (0ms)
Platform modules already initialized, skipping
Registering precompiled user dll's ...
Registered in 0.006564 seconds.
Begin MonoManager ReloadAssembly
Native extension for WindowsStandalone target not found
Native extension for WebGL target not found
Refreshing native plugins compatible for Editor in 0.42 ms, found 2 plugins.
Preloading 0 native plugins for Editor in 0.00 ms.
Mono: successfully reloaded assembly
- Completed reload, in  1.419 seconds
Domain Reload Profiling:
	ReloadAssembly (1420ms)
		BeginReloadAssembly (209ms)
			ExecutionOrderSort (0ms)
			DisableScriptedObjects (9ms)
			BackupInstance (0ms)
			ReleaseScriptingObjects (0ms)
			CreateAndSetChildDomain (37ms)
		EndReloadAssembly (1035ms)
			LoadAssemblies (119ms)
			RebuildTransferFunctionScriptingTraits (0ms)
			SetupTypeCache (323ms)
			ReleaseScriptCaches (0ms)
			RebuildScriptCaches (62ms)
			SetupLoadedEditorAssemblies (483ms)
				LogAssemblyErrors (0ms)
				InitializePlatformSupportModulesInManaged (18ms)
				SetLoadedEditorAssemblies (1ms)
				RefreshPlugins (1ms)
				BeforeProcessingInitializeOnLoad (79ms)
				ProcessInitializeOnLoadAttributes (325ms)
				ProcessInitializeOnLoadMethodAttributes (50ms)
				AfterProcessingInitializeOnLoad (11ms)
				EditorAssembliesLoaded (0ms)
			ExecutionOrderSort2 (0ms)
			AwakeInstancesAfterBackupRestoration (10ms)
Platform modules already initialized, skipping
========================================================================
Worker process is ready to serve import requests
Launched and connected shader compiler UnityShaderCompiler.exe after 0.15 seconds
Refreshing native plugins compatible for Editor in 0.67 ms, found 2 plugins.
Preloading 0 native plugins for Editor in 0.00 ms.
Unloading 1621 Unused Serialized files (Serialized files now loaded: 0)
Unloading 23 unused Assets / (56.1 KB). Loaded Objects now: 2087.
Memory consumption went from 71.4 MB to 71.3 MB.
Total: 4.762700 ms (FindLiveObjects: 0.194100 ms CreateObjectMapping: 0.113000 ms MarkObjects: 4.347400 ms  DeleteObjects: 0.106500 ms)

AssetImportParameters requested are different than current active one (requested -> active):
  custom:video-decoder-ogg-theora: a1e56fd34408186e4bbccfd4996cb3dc -> 
  custom:container-muxer-webm: aa71ff27fc2769a1b78a27578f13a17b -> 
  custom:container-demuxer-webm: 4f35f7cbe854078d1ac9338744f61a02 -> 
  custom:video-encoder-webm-vp8: eb34c28f22e8b96e1ab97ce403110664 -> 
  custom:video-codec-MediaFoundation-h265: 746d11721c4dcdbdad8f713fa42b33f4 -> 
  custom:audio-encoder-webm-vorbis: bf7c407c2cedff20999df2af8eb42d56 -> 
  custom:framework-win-MediaFoundation: 216162199b28c13a410421893ffa2e32 -> 
  custom:container-demuxer-ogg: 62fdf1f143b41e24485cea50d1cbac27 -> 
  custom:video-decoder-webm-vp8: 9c59270c3fd7afecdb556c50c9e8de78 -> 
  custom:audio-decoder-ogg-vorbis: bf7c407c2cedff20999df2af8eb42d56 -> 
========================================================================
Received Import Request.
  Time since last request: 394218.597551 seconds.
  path: Assets/Art/inksplots.png
  artifactKey: Guid(bfd2d410f441e63408600a100af4f4f9) Importer(815301076,1909f56bfc062723c751e8b465ee728b)
Start importing Assets/Art/inksplots.png using Guid(bfd2d410f441e63408600a100af4f4f9) Importer(815301076,1909f56bfc062723c751e8b465ee728b)  -> (artifact id: '9fe10e6bfb35ff7166a1403addc5205a') in 0.222748 seconds 
========================================================================
Received Import Request.
  Time since last request: 0.000029 seconds.
  path: Assets/Art/brain2.png
  artifactKey: Guid(b56f6352cde06434087e274d4fcc0ae2) Importer(815301076,1909f56bfc062723c751e8b465ee728b)
Start importing Assets/Art/brain2.png using Guid(b56f6352cde06434087e274d4fcc0ae2) Importer(815301076,1909f56bfc062723c751e8b465ee728b)  -> (artifact id: '9c47d5a18577f0c6c6e5f88abd7cd7f0') in 0.092321 seconds 
========================================================================
Received Import Request.
  Time since last request: 0.000038 seconds.
  path: Assets/Art/calender.png
  artifactKey: Guid(060121fd341f0ba488f89373316cf677) Importer(815301076,1909f56bfc062723c751e8b465ee728b)
Start importing Assets/Art/calender.png using Guid(060121fd341f0ba488f89373316cf677) Importer(815301076,1909f56bfc062723c751e8b465ee728b)  -> (artifact id: '19032442454d4b8686dde074c57200ab') in 0.054763 seconds 
========================================================================
Received Import Request.
  Time since last request: 0.000027 seconds.
  path: Assets/Art/change1.png
  artifactKey: Guid(ca6457ce4c9de9e40aaaed20ffad3b75) Importer(815301076,1909f56bfc062723c751e8b465ee728b)
Start importing Assets/Art/change1.png using Guid(ca6457ce4c9de9e40aaaed20ffad3b75) Importer(815301076,1909f56bfc062723c751e8b465ee728b)  -> (artifact id: '2fec5bb3b7c1ff7bc3db014e126a515c') in 0.045139 seconds 
========================================================================
Received Import Request.
  Time since last request: 0.000021 seconds.
  path: Assets/Art/schedulethingy.png
  artifactKey: Guid(393bd6146dd14a142a0b77818b3eed48) Importer(815301076,1909f56bfc062723c751e8b465ee728b)
Start importing Assets/Art/schedulethingy.png using Guid(393bd6146dd14a142a0b77818b3eed48) Importer(815301076,1909f56bfc062723c751e8b465ee728b)  -> (artifact id: '050fba1238645632bf56b0d804316995') in 0.061747 seconds 
========================================================================
Received Import Request.
  Time since last request: 0.000038 seconds.
  path: Assets/Art/polaroid2.png
  artifactKey: Guid(1e41d7188b88dd84faadcf34c0a46687) Importer(815301076,1909f56bfc062723c751e8b465ee728b)
Start importing Assets/Art/polaroid2.png using Guid(1e41d7188b88dd84faadcf34c0a46687) Importer(815301076,1909f56bfc062723c751e8b465ee728b)  -> (artifact id: 'f8b710552396e65324cbceb70e1c0bfc') in 0.039355 seconds 
========================================================================
Received Import Request.
  Time since last request: 0.000031 seconds.
  path: Assets/Art/r2.png
  artifactKey: Guid(ab64811e3d995224b850d9da6ede14d8) Importer(815301076,1909f56bfc062723c751e8b465ee728b)
Start importing Assets/Art/r2.png using Guid(ab64811e3d995224b850d9da6ede14d8) Importer(815301076,1909f56bfc062723c751e8b465ee728b)  -> (artifact id: '12b5d1a67e03c2d3a7db7ff2336a00d4') in 0.034363 seconds 
========================================================================
Received Import Request.
  Time since last request: 0.000036 seconds.
  path: Assets/Art/tab2.png
  artifactKey: Guid(f39f9145e7a694e4b85dca62b3b79209) Importer(815301076,1909f56bfc062723c751e8b465ee728b)
Start importing Assets/Art/tab2.png using Guid(f39f9145e7a694e4b85dca62b3b79209) Importer(815301076,1909f56bfc062723c751e8b465ee728b)  -> (artifact id: 'a570eff1ab1bac63dc30de6d2e45809f') in 0.038332 seconds 
========================================================================
Received Import Request.
  Time since last request: 0.000034 seconds.
  path: Assets/Art/personhead2.png
  artifactKey: Guid(acb73ce8ebe859b47adaf51dab525b3b) Importer(815301076,1909f56bfc062723c751e8b465ee728b)
Start importing Assets/Art/personhead2.png using Guid(acb73ce8ebe859b47adaf51dab525b3b) Importer(815301076,1909f56bfc062723c751e8b465ee728b)  -> (artifact id: '1301561ba84f6b9a202bdc4f3652eb64') in 0.362171 seconds 
========================================================================
Received Import Request.
  Time since last request: 0.000050 seconds.
  path: Assets/Art/dandelions.png
  artifactKey: Guid(90281e23ca97b5e47a0a024142e70426) Importer(815301076,1909f56bfc062723c751e8b465ee728b)
Start importing Assets/Art/dandelions.png using Guid(90281e23ca97b5e47a0a024142e70426) Importer(815301076,1909f56bfc062723c751e8b465ee728b)  -> (artifact id: '36030ff34de89b85b6fa781685d4e5e8') in 0.060354 seconds 
========================================================================
Received Import Request.
  Time since last request: 0.000040 seconds.
  path: Assets/Art/personhead.png
  artifactKey: Guid(0fa629c9ea54c2848ae2a9029acfa68c) Importer(815301076,1909f56bfc062723c751e8b465ee728b)
Start importing Assets/Art/personhead.png using Guid(0fa629c9ea54c2848ae2a9029acfa68c) Importer(815301076,1909f56bfc062723c751e8b465ee728b)  -> (artifact id: 'fef42c88e04e0f994a570fcccbedf2e8') in 0.091128 seconds 
========================================================================
Received Import Request.
  Time since last request: 0.000037 seconds.
  path: Assets/Art/doodle.png
  artifactKey: Guid(cd4d74a05e801c543b17cdf57800ec5a) Importer(815301076,1909f56bfc062723c751e8b465ee728b)
Start importing Assets/Art/doodle.png using Guid(cd4d74a05e801c543b17cdf57800ec5a) Importer(815301076,1909f56bfc062723c751e8b465ee728b)  -> (artifact id: 'd8beaee435514e4412817ea5d328b449') in 0.048064 seconds 
========================================================================
Received Prepare
Registering precompiled user dll's ...
Registered in 0.003921 seconds.
Begin MonoManager ReloadAssembly
Native extension for WindowsStandalone target not found
Native extension for WebGL target not found
Refreshing native plugins compatible for Editor in 0.50 ms, found 2 plugins.
Preloading 0 native plugins for Editor in 0.00 ms.
Mono: successfully reloaded assembly
- Completed reload, in  1.681 seconds
Domain Reload Profiling:
	ReloadAssembly (1682ms)
		BeginReloadAssembly (172ms)
			ExecutionOrderSort (0ms)
			DisableScriptedObjects (9ms)
			BackupInstance (0ms)
			ReleaseScriptingObjects (0ms)
			CreateAndSetChildDomain (45ms)
		EndReloadAssembly (1346ms)
			LoadAssemblies (97ms)
			RebuildTransferFunctionScriptingTraits (0ms)
			SetupTypeCache (322ms)
			ReleaseScriptCaches (1ms)
			RebuildScriptCaches (114ms)
			SetupLoadedEditorAssemblies (610ms)
				LogAssemblyErrors (0ms)
				InitializePlatformSupportModulesInManaged (23ms)
				SetLoadedEditorAssemblies (1ms)
				RefreshPlugins (1ms)
				BeforeProcessingInitializeOnLoad (78ms)
				ProcessInitializeOnLoadAttributes (425ms)
				ProcessInitializeOnLoadMethodAttributes (71ms)
				AfterProcessingInitializeOnLoad (11ms)
				EditorAssembliesLoaded (1ms)
			ExecutionOrderSort2 (0ms)
			AwakeInstancesAfterBackupRestoration (30ms)
Platform modules already initialized, skipping
Refreshing native plugins compatible for Editor in 1.13 ms, found 2 plugins.
Preloading 0 native plugins for Editor in 0.00 ms.
Unloading 1628 Unused Serialized files (Serialized files now loaded: 0)
Unloading 14 unused Assets / (31.7 KB). Loaded Objects now: 2302.
Memory consumption went from 90.2 MB to 90.2 MB.
Total: 8.665200 ms (FindLiveObjects: 0.297600 ms CreateObjectMapping: 0.193200 ms MarkObjects: 8.145900 ms  DeleteObjects: 0.026900 ms)

AssetImportParameters requested are different than current active one (requested -> active):
  custom:video-decoder-ogg-theora: a1e56fd34408186e4bbccfd4996cb3dc -> 
  custom:container-muxer-webm: aa71ff27fc2769a1b78a27578f13a17b -> 
  custom:container-demuxer-webm: 4f35f7cbe854078d1ac9338744f61a02 -> 
  custom:video-encoder-webm-vp8: eb34c28f22e8b96e1ab97ce403110664 -> 
  custom:video-codec-MediaFoundation-h265: 746d11721c4dcdbdad8f713fa42b33f4 -> 
  custom:audio-encoder-webm-vorbis: bf7c407c2cedff20999df2af8eb42d56 -> 
  custom:framework-win-MediaFoundation: 216162199b28c13a410421893ffa2e32 -> 
  custom:container-demuxer-ogg: 62fdf1f143b41e24485cea50d1cbac27 -> 
  custom:video-decoder-webm-vp8: 9c59270c3fd7afecdb556c50c9e8de78 -> 
  custom:audio-decoder-ogg-vorbis: bf7c407c2cedff20999df2af8eb42d56 -> 
========================================================================
Received Prepare
Registering precompiled user dll's ...
Registered in 0.004754 seconds.
Begin MonoManager ReloadAssembly
Native extension for WindowsStandalone target not found
Native extension for WebGL target not found
Refreshing native plugins compatible for Editor in 0.42 ms, found 2 plugins.
Preloading 0 native plugins for Editor in 0.00 ms.
Mono: successfully reloaded assembly
- Completed reload, in  1.422 seconds
Domain Reload Profiling:
	ReloadAssembly (1423ms)
		BeginReloadAssembly (178ms)
			ExecutionOrderSort (0ms)
			DisableScriptedObjects (12ms)
			BackupInstance (0ms)
			ReleaseScriptingObjects (0ms)
			CreateAndSetChildDomain (39ms)
		EndReloadAssembly (1109ms)
			LoadAssemblies (96ms)
			RebuildTransferFunctionScriptingTraits (0ms)
			SetupTypeCache (257ms)
			ReleaseScriptCaches (1ms)
			RebuildScriptCaches (64ms)
			SetupLoadedEditorAssemblies (594ms)
				LogAssemblyErrors (0ms)
				InitializePlatformSupportModulesInManaged (22ms)
				SetLoadedEditorAssemblies (1ms)
				RefreshPlugins (1ms)
				BeforeProcessingInitializeOnLoad (98ms)
				ProcessInitializeOnLoadAttributes (422ms)
				ProcessInitializeOnLoadMethodAttributes (40ms)
				AfterProcessingInitializeOnLoad (11ms)
				EditorAssembliesLoaded (0ms)
			ExecutionOrderSort2 (0ms)
			AwakeInstancesAfterBackupRestoration (23ms)
Platform modules already initialized, skipping
Refreshing native plugins compatible for Editor in 0.85 ms, found 2 plugins.
Preloading 0 native plugins for Editor in 0.00 ms.
Unloading 1616 Unused Serialized files (Serialized files now loaded: 0)
Unloading 14 unused Assets / (31.8 KB). Loaded Objects now: 2304.
Memory consumption went from 89.7 MB to 89.6 MB.
Total: 9.358900 ms (FindLiveObjects: 0.276600 ms CreateObjectMapping: 0.202800 ms MarkObjects: 8.854800 ms  DeleteObjects: 0.023400 ms)

AssetImportParameters requested are different than current active one (requested -> active):
  custom:video-decoder-ogg-theora: a1e56fd34408186e4bbccfd4996cb3dc -> 
  custom:container-muxer-webm: aa71ff27fc2769a1b78a27578f13a17b -> 
  custom:container-demuxer-webm: 4f35f7cbe854078d1ac9338744f61a02 -> 
  custom:video-encoder-webm-vp8: eb34c28f22e8b96e1ab97ce403110664 -> 
  custom:video-codec-MediaFoundation-h265: 746d11721c4dcdbdad8f713fa42b33f4 -> 
  custom:audio-encoder-webm-vorbis: bf7c407c2cedff20999df2af8eb42d56 -> 
  custom:framework-win-MediaFoundation: 216162199b28c13a410421893ffa2e32 -> 
  custom:container-demuxer-ogg: 62fdf1f143b41e24485cea50d1cbac27 -> 
  custom:video-decoder-webm-vp8: 9c59270c3fd7afecdb556c50c9e8de78 -> 
  custom:audio-decoder-ogg-vorbis: bf7c407c2cedff20999df2af8eb42d56 -> 
========================================================================
Received Prepare
Refreshing native plugins compatible for Editor in 5.08 ms, found 2 plugins.
Preloading 0 native plugins for Editor in 0.00 ms.
Unloading 13 Unused Serialized files (Serialized files now loaded: 0)
Unloading 12 unused Assets / (29.1 KB). Loaded Objects now: 2304.
Memory consumption went from 57.5 MB to 57.5 MB.
Total: 4.263400 ms (FindLiveObjects: 0.202100 ms CreateObjectMapping: 0.103200 ms MarkObjects: 3.935700 ms  DeleteObjects: 0.021100 ms)

AssetImportParameters requested are different than current active one (requested -> active):
  custom:video-decoder-ogg-theora: a1e56fd34408186e4bbccfd4996cb3dc -> 
  custom:container-muxer-webm: aa71ff27fc2769a1b78a27578f13a17b -> 
  custom:container-demuxer-webm: 4f35f7cbe854078d1ac9338744f61a02 -> 
  custom:video-encoder-webm-vp8: eb34c28f22e8b96e1ab97ce403110664 -> 
  custom:video-codec-MediaFoundation-h265: 746d11721c4dcdbdad8f713fa42b33f4 -> 
  custom:audio-encoder-webm-vorbis: bf7c407c2cedff20999df2af8eb42d56 -> 
  custom:framework-win-MediaFoundation: 216162199b28c13a410421893ffa2e32 -> 
  custom:container-demuxer-ogg: 62fdf1f143b41e24485cea50d1cbac27 -> 
  custom:video-decoder-webm-vp8: 9c59270c3fd7afecdb556c50c9e8de78 -> 
  custom:audio-decoder-ogg-vorbis: bf7c407c2cedff20999df2af8eb42d56 -> 
========================================================================
Received Prepare
Refreshing native plugins compatible for Editor in 3.07 ms, found 2 plugins.
Preloading 0 native plugins for Editor in 0.00 ms.
Unloading 13 Unused Serialized files (Serialized files now loaded: 0)
Unloading 12 unused Assets / (29.1 KB). Loaded Objects now: 2304.
Memory consumption went from 57.5 MB to 57.5 MB.
Total: 3.111800 ms (FindLiveObjects: 0.207900 ms CreateObjectMapping: 0.088400 ms MarkObjects: 2.792600 ms  DeleteObjects: 0.021300 ms)

AssetImportParameters requested are different than current active one (requested -> active):
  custom:video-decoder-ogg-theora: a1e56fd34408186e4bbccfd4996cb3dc -> 
  custom:container-muxer-webm: aa71ff27fc2769a1b78a27578f13a17b -> 
  custom:container-demuxer-webm: 4f35f7cbe854078d1ac9338744f61a02 -> 
  custom:video-encoder-webm-vp8: eb34c28f22e8b96e1ab97ce403110664 -> 
  custom:video-codec-MediaFoundation-h265: 746d11721c4dcdbdad8f713fa42b33f4 -> 
  custom:audio-encoder-webm-vorbis: bf7c407c2cedff20999df2af8eb42d56 -> 
  custom:framework-win-MediaFoundation: 216162199b28c13a410421893ffa2e32 -> 
  custom:container-demuxer-ogg: 62fdf1f143b41e24485cea50d1cbac27 -> 
  custom:video-decoder-webm-vp8: 9c59270c3fd7afecdb556c50c9e8de78 -> 
  custom:audio-decoder-ogg-vorbis: bf7c407c2cedff20999df2af8eb42d56 -> 
========================================================================
Received Prepare
Refreshing native plugins compatible for Editor in 4.84 ms, found 2 plugins.
Preloading 0 native plugins for Editor in 0.00 ms.
Unloading 13 Unused Serialized files (Serialized files now loaded: 0)
Unloading 12 unused Assets / (29.0 KB). Loaded Objects now: 2304.
Memory consumption went from 57.5 MB to 57.5 MB.
Total: 5.208400 ms (FindLiveObjects: 0.199900 ms CreateObjectMapping: 0.100700 ms MarkObjects: 4.884000 ms  DeleteObjects: 0.022600 ms)

AssetImportParameters requested are different than current active one (requested -> active):
  custom:video-decoder-ogg-theora: a1e56fd34408186e4bbccfd4996cb3dc -> 
  custom:container-muxer-webm: aa71ff27fc2769a1b78a27578f13a17b -> 
  custom:container-demuxer-webm: 4f35f7cbe854078d1ac9338744f61a02 -> 
  custom:video-encoder-webm-vp8: eb34c28f22e8b96e1ab97ce403110664 -> 
  custom:video-codec-MediaFoundation-h265: 746d11721c4dcdbdad8f713fa42b33f4 -> 
  custom:audio-encoder-webm-vorbis: bf7c407c2cedff20999df2af8eb42d56 -> 
  custom:framework-win-MediaFoundation: 216162199b28c13a410421893ffa2e32 -> 
  custom:container-demuxer-ogg: 62fdf1f143b41e24485cea50d1cbac27 -> 
  custom:video-decoder-webm-vp8: 9c59270c3fd7afecdb556c50c9e8de78 -> 
  custom:audio-decoder-ogg-vorbis: bf7c407c2cedff20999df2af8eb42d56 -> 
========================================================================
Received Import Request.
  Time since last request: 1047.420593 seconds.
  path: Assets/Art/arrow.png
  artifactKey: Guid(0dbbdb05f88957549808ae44a6e70333) Importer(815301076,1909f56bfc062723c751e8b465ee728b)
Start importing Assets/Art/arrow.png using Guid(0dbbdb05f88957549808ae44a6e70333) Importer(815301076,1909f56bfc062723c751e8b465ee728b)  -> (artifact id: 'ee83810abd760cf6b3e88a04717b8178') in 0.119645 seconds 
========================================================================
Received Import Request.
  Time since last request: 0.000022 seconds.
  path: Assets/Art/KOTIYALOGO.png
  artifactKey: Guid(957f538797494ed4192259560b31d9db) Importer(815301076,1909f56bfc062723c751e8b465ee728b)
Start importing Assets/Art/KOTIYALOGO.png using Guid(957f538797494ed4192259560b31d9db) Importer(815301076,1909f56bfc062723c751e8b465ee728b)  -> (artifact id: '015733f93ce81bd14838e365debe05fc') in 0.047815 seconds 
========================================================================
Received Import Request.
  Time since last request: 0.000048 seconds.
  path: Assets/Art/proceed.png
  artifactKey: Guid(1ee736b0580cb5543ad1ae4ee367bb87) Importer(815301076,1909f56bfc062723c751e8b465ee728b)
Start importing Assets/Art/proceed.png using Guid(1ee736b0580cb5543ad1ae4ee367bb87) Importer(815301076,1909f56bfc062723c751e8b465ee728b)  -> (artifact id: '65f3f5223cb0c90d219de9b1ac1c442a') in 0.032933 seconds 
========================================================================
Received Import Request.
  Time since last request: 0.000039 seconds.
  path: Assets/Art/inksplots.png
  artifactKey: Guid(bfd2d410f441e63408600a100af4f4f9) Importer(815301076,1909f56bfc062723c751e8b465ee728b)
Start importing Assets/Art/inksplots.png using Guid(bfd2d410f441e63408600a100af4f4f9) Importer(815301076,1909f56bfc062723c751e8b465ee728b)  -> (artifact id: 'c4b2a9874c6d253ddfe1e7c2f725dbaf') in 0.031782 seconds 
========================================================================
Received Import Request.
  Time since last request: 0.000023 seconds.
  path: Assets/Art/tutorial.png
  artifactKey: Guid(59a692fc3ab18a14ba877e3c56645378) Importer(815301076,1909f56bfc062723c751e8b465ee728b)
Start importing Assets/Art/tutorial.png using Guid(59a692fc3ab18a14ba877e3c56645378) Importer(815301076,1909f56bfc062723c751e8b465ee728b)  -> (artifact id: '674087647be2e234dba65b3a9b246502') in 0.035037 seconds 
========================================================================
Received Import Request.
  Time since last request: 0.000022 seconds.
  path: Assets/Art/vignette.png
  artifactKey: Guid(9d43224f5a2b637488bf542d1f9889ba) Importer(815301076,1909f56bfc062723c751e8b465ee728b)
Start importing Assets/Art/vignette.png using Guid(9d43224f5a2b637488bf542d1f9889ba) Importer(815301076,1909f56bfc062723c751e8b465ee728b)  -> (artifact id: 'e5b40c4b4cfdbfed9f5cca5fc942ccb0') in 0.098356 seconds 
========================================================================
Received Import Request.
  Time since last request: 0.000030 seconds.
  path: Assets/Art/Flytrap.png
  artifactKey: Guid(7d88beb8b30749d46896eca6c9c0e063) Importer(815301076,1909f56bfc062723c751e8b465ee728b)
Start importing Assets/Art/Flytrap.png using Guid(7d88beb8b30749d46896eca6c9c0e063) Importer(815301076,1909f56bfc062723c751e8b465ee728b)  -> (artifact id: '12602c51f9f9e9f2c32eaa1877fffc61') in 0.050105 seconds 
========================================================================
Received Import Request.
  Time since last request: 0.000048 seconds.
  path: Assets/Art/calender.png
  artifactKey: Guid(060121fd341f0ba488f89373316cf677) Importer(815301076,1909f56bfc062723c751e8b465ee728b)
Start importing Assets/Art/calender.png using Guid(060121fd341f0ba488f89373316cf677) Importer(815301076,1909f56bfc062723c751e8b465ee728b)  -> (artifact id: '854caeee6aa09e8bd59979ba8827e679') in 0.022780 seconds 
========================================================================
Received Import Request.
  Time since last request: 0.000030 seconds.
  path: Assets/Art/r1.png
  artifactKey: Guid(bd5ce72713646994f9637870d6a8d7a0) Importer(815301076,1909f56bfc062723c751e8b465ee728b)
Start importing Assets/Art/r1.png using Guid(bd5ce72713646994f9637870d6a8d7a0) Importer(815301076,1909f56bfc062723c751e8b465ee728b)  -> (artifact id: 'e7f0740b75a47ce4713ea10050b45d69') in 0.031862 seconds 
========================================================================
Received Import Request.
  Time since last request: 0.000021 seconds.
  path: Assets/Art/change1.png
  artifactKey: Guid(ca6457ce4c9de9e40aaaed20ffad3b75) Importer(815301076,1909f56bfc062723c751e8b465ee728b)
Start importing Assets/Art/change1.png using Guid(ca6457ce4c9de9e40aaaed20ffad3b75) Importer(815301076,1909f56bfc062723c751e8b465ee728b)  -> (artifact id: 'adb12594e6f6d2ab91fa96d2004df67c') in 0.026841 seconds 
========================================================================
Received Import Request.
  Time since last request: 0.000040 seconds.
  path: Assets/Art/proceed2.png
  artifactKey: Guid(f0d7eb75ec585684580c1530553a076e) Importer(815301076,1909f56bfc062723c751e8b465ee728b)
Start importing Assets/Art/proceed2.png using Guid(f0d7eb75ec585684580c1530553a076e) Importer(815301076,1909f56bfc062723c751e8b465ee728b)  -> (artifact id: '226240915f8405e9d91fbeaff31b8d9d') in 0.019709 seconds 
========================================================================
Received Import Request.
  Time since last request: 0.000018 seconds.
  path: Assets/Art/vines.png
  artifactKey: Guid(18c05dafcde2592478dc14f90fafe174) Importer(815301076,1909f56bfc062723c751e8b465ee728b)
Start importing Assets/Art/vines.png using Guid(18c05dafcde2592478dc14f90fafe174) Importer(815301076,1909f56bfc062723c751e8b465ee728b)  -> (artifact id: '6cf3e4fa7b8c65e4f88839e87bf92bc8') in 0.246439 seconds 
========================================================================
Received Import Request.
  Time since last request: 0.000055 seconds.
  path: Assets/Art/personhead2.png
  artifactKey: Guid(acb73ce8ebe859b47adaf51dab525b3b) Importer(815301076,1909f56bfc062723c751e8b465ee728b)
Start importing Assets/Art/personhead2.png using Guid(acb73ce8ebe859b47adaf51dab525b3b) Importer(815301076,1909f56bfc062723c751e8b465ee728b)  -> (artifact id: 'db06e222f5073359e16881f3ff1bd27c') in 0.198532 seconds 
========================================================================
Received Import Request.
  Time since last request: 0.000034 seconds.
  path: Assets/Art/booktab1.png
  artifactKey: Guid(29a8fee3858538d4493a4194c31bdc4b) Importer(815301076,1909f56bfc062723c751e8b465ee728b)
Start importing Assets/Art/booktab1.png using Guid(29a8fee3858538d4493a4194c31bdc4b) Importer(815301076,1909f56bfc062723c751e8b465ee728b)  -> (artifact id: '4fdcf513323bbca3b1a2b11368147c72') in 0.026110 seconds 
========================================================================
Received Import Request.
  Time since last request: 0.000024 seconds.
  path: Assets/Art/dandelions.png
  artifactKey: Guid(90281e23ca97b5e47a0a024142e70426) Importer(815301076,1909f56bfc062723c751e8b465ee728b)
Start importing Assets/Art/dandelions.png using Guid(90281e23ca97b5e47a0a024142e70426) Importer(815301076,1909f56bfc062723c751e8b465ee728b)  -> (artifact id: '85dbb47d27d71d089c6689ef31b0a81b') in 0.037940 seconds 
========================================================================
Received Import Request.
  Time since last request: 0.000024 seconds.
  path: Assets/Art/gmtklogo.png
  artifactKey: Guid(527a4fb06c55dff409c235ee67d3c868) Importer(815301076,1909f56bfc062723c751e8b465ee728b)
Start importing Assets/Art/gmtklogo.png using Guid(527a4fb06c55dff409c235ee67d3c868) Importer(815301076,1909f56bfc062723c751e8b465ee728b)  -> (artifact id: '7b781ee27784126596020108a4153c42') in 0.177363 seconds 
========================================================================
Received Import Request.
  Time since last request: 0.000039 seconds.
  path: Assets/Art/doodle.png
  artifactKey: Guid(cd4d74a05e801c543b17cdf57800ec5a) Importer(815301076,1909f56bfc062723c751e8b465ee728b)
Start importing Assets/Art/doodle.png using Guid(cd4d74a05e801c543b17cdf57800ec5a) Importer(815301076,1909f56bfc062723c751e8b465ee728b)  -> (artifact id: '7c33e72be846b1f0b8285c3c6e56f053') in 0.035980 seconds 
========================================================================
Received Prepare
Registering precompiled user dll's ...
Registered in 0.004747 seconds.
Begin MonoManager ReloadAssembly
Native extension for WindowsStandalone target not found
Native extension for WebGL target not found
Refreshing native plugins compatible for Editor in 0.38 ms, found 2 plugins.
Preloading 0 native plugins for Editor in 0.00 ms.
Mono: successfully reloaded assembly
- Completed reload, in  1.343 seconds
Domain Reload Profiling:
	ReloadAssembly (1344ms)
		BeginReloadAssembly (179ms)
			ExecutionOrderSort (0ms)
			DisableScriptedObjects (10ms)
			BackupInstance (0ms)
			ReleaseScriptingObjects (0ms)
			CreateAndSetChildDomain (42ms)
		EndReloadAssembly (1032ms)
			LoadAssemblies (97ms)
			RebuildTransferFunctionScriptingTraits (0ms)
			SetupTypeCache (291ms)
			ReleaseScriptCaches (1ms)
			RebuildScriptCaches (108ms)
			SetupLoadedEditorAssemblies (416ms)
				LogAssemblyErrors (0ms)
				InitializePlatformSupportModulesInManaged (18ms)
				SetLoadedEditorAssemblies (1ms)
				RefreshPlugins (0ms)
				BeforeProcessingInitializeOnLoad (77ms)
				ProcessInitializeOnLoadAttributes (278ms)
				ProcessInitializeOnLoadMethodAttributes (35ms)
				AfterProcessingInitializeOnLoad (7ms)
				EditorAssembliesLoaded (0ms)
			ExecutionOrderSort2 (0ms)
			AwakeInstancesAfterBackupRestoration (22ms)
Platform modules already initialized, skipping
Refreshing native plugins compatible for Editor in 0.38 ms, found 2 plugins.
Preloading 0 native plugins for Editor in 0.00 ms.
Unloading 1627 Unused Serialized files (Serialized files now loaded: 0)
Unloading 14 unused Assets / (31.7 KB). Loaded Objects now: 2583.
Memory consumption went from 103.5 MB to 103.5 MB.
Total: 3.311600 ms (FindLiveObjects: 0.210200 ms CreateObjectMapping: 0.075500 ms MarkObjects: 3.002500 ms  DeleteObjects: 0.022300 ms)

AssetImportParameters requested are different than current active one (requested -> active):
  custom:video-decoder-ogg-theora: a1e56fd34408186e4bbccfd4996cb3dc -> 
  custom:container-muxer-webm: aa71ff27fc2769a1b78a27578f13a17b -> 
  custom:container-demuxer-webm: 4f35f7cbe854078d1ac9338744f61a02 -> 
  custom:video-encoder-webm-vp8: eb34c28f22e8b96e1ab97ce403110664 -> 
  custom:video-codec-MediaFoundation-h265: 746d11721c4dcdbdad8f713fa42b33f4 -> 
  custom:audio-encoder-webm-vorbis: bf7c407c2cedff20999df2af8eb42d56 -> 
  custom:framework-win-MediaFoundation: 216162199b28c13a410421893ffa2e32 -> 
  custom:container-demuxer-ogg: 62fdf1f143b41e24485cea50d1cbac27 -> 
  custom:video-decoder-webm-vp8: 9c59270c3fd7afecdb556c50c9e8de78 -> 
  custom:audio-decoder-ogg-vorbis: bf7c407c2cedff20999df2af8eb42d56 -> 
========================================================================
Received Prepare
Refreshing native plugins compatible for Editor in 7.13 ms, found 2 plugins.
Preloading 0 native plugins for Editor in 0.00 ms.
Unloading 13 Unused Serialized files (Serialized files now loaded: 0)
Unloading 12 unused Assets / (29.0 KB). Loaded Objects now: 2583.
Memory consumption went from 70.9 MB to 70.9 MB.
Total: 7.678500 ms (FindLiveObjects: 0.370400 ms CreateObjectMapping: 0.238100 ms MarkObjects: 7.030700 ms  DeleteObjects: 0.037800 ms)

AssetImportParameters requested are different than current active one (requested -> active):
  custom:video-decoder-ogg-theora: a1e56fd34408186e4bbccfd4996cb3dc -> 
  custom:container-muxer-webm: aa71ff27fc2769a1b78a27578f13a17b -> 
  custom:container-demuxer-webm: 4f35f7cbe854078d1ac9338744f61a02 -> 
  custom:video-encoder-webm-vp8: eb34c28f22e8b96e1ab97ce403110664 -> 
  custom:video-codec-MediaFoundation-h265: 746d11721c4dcdbdad8f713fa42b33f4 -> 
  custom:audio-encoder-webm-vorbis: bf7c407c2cedff20999df2af8eb42d56 -> 
  custom:framework-win-MediaFoundation: 216162199b28c13a410421893ffa2e32 -> 
  custom:container-demuxer-ogg: 62fdf1f143b41e24485cea50d1cbac27 -> 
  custom:video-decoder-webm-vp8: 9c59270c3fd7afecdb556c50c9e8de78 -> 
  custom:audio-decoder-ogg-vorbis: bf7c407c2cedff20999df2af8eb42d56 -> 
