Using pre-set license
Built from '2021.2/staging' branch; Version is '2021.2.7f1 (6bd9e232123f) revision 7068130'; Using compiler version '192829333'; Build Type 'Release'
OS: 'Windows 11  (10.0.22621) 64bit Professional' Language: 'en' Physical Memory: 16233 MB
BatchMode: 1, IsHumanControllingUs: 0, StartBugReporterOnCrash: 0, Is64bit: 1, IsPro: 0

COMMAND LINE ARGUMENTS:
C:\Program Files\Unity Editors\2021.2.7f1\Editor\Unity.exe
-adb2
-batchMode
-noUpm
-name
AssetImportWorker0
-projectPath
C:/Users/atiya/Desktop/MG_revamped/GMTK2020_Kotiya/GMTK2020_Kotiya
-logFile
Logs/AssetImportWorker0.log
-srvPort
55908
Successfully changed project path to: C:/Users/atiya/Desktop/MG_revamped/GMTK2020_Kotiya/GMTK2020_Kotiya
C:/Users/atiya/Desktop/MG_revamped/GMTK2020_Kotiya/GMTK2020_Kotiya
[UnityMemory] Configuration Parameters - Can be set up in boot.config
    "memorysetup-bucket-allocator-granularity=16"
    "memorysetup-bucket-allocator-bucket-count=8"
    "memorysetup-bucket-allocator-block-size=33554432"
    "memorysetup-bucket-allocator-block-count=8"
    "memorysetup-main-allocator-block-size=16777216"
    "memorysetup-thread-allocator-block-size=16777216"
    "memorysetup-gfx-main-allocator-block-size=16777216"
    "memorysetup-gfx-thread-allocator-block-size=16777216"
    "memorysetup-cache-allocator-block-size=4194304"
    "memorysetup-typetree-allocator-block-size=2097152"
    "memorysetup-profiler-bucket-allocator-granularity=16"
    "memorysetup-profiler-bucket-allocator-bucket-count=8"
    "memorysetup-profiler-bucket-allocator-block-size=33554432"
    "memorysetup-profiler-bucket-allocator-block-count=8"
    "memorysetup-profiler-allocator-block-size=16777216"
    "memorysetup-profiler-editor-allocator-block-size=1048576"
    "memorysetup-temp-allocator-size-main=16777216"
    "memorysetup-job-temp-allocator-block-size=2097152"
    "memorysetup-job-temp-allocator-block-size-background=1048576"
    "memorysetup-job-temp-allocator-reduction-small-platforms=262144"
    "memorysetup-temp-allocator-size-background-worker=32768"
    "memorysetup-temp-allocator-size-job-worker=262144"
    "memorysetup-temp-allocator-size-preload-manager=33554432"
    "memorysetup-temp-allocator-size-nav-mesh-worker=65536"
    "memorysetup-temp-allocator-size-audio-worker=65536"
    "memorysetup-temp-allocator-size-cloud-worker=32768"
    "memorysetup-temp-allocator-size-gi-baking-worker=262144"
    "memorysetup-temp-allocator-size-gfx=262144"
Refreshing native plugins compatible for Editor in 49.44 ms, found 2 plugins.
Preloading 0 native plugins for Editor in 0.00 ms.
Initialize engine version: 2021.2.7f1 (6bd9e232123f)
[Subsystems] Discovering subsystems at path C:/Program Files/Unity Editors/2021.2.7f1/Editor/Data/Resources/UnitySubsystems
[Subsystems] Discovering subsystems at path C:/Users/atiya/Desktop/MG_revamped/GMTK2020_Kotiya/GMTK2020_Kotiya/Assets
GfxDevice: creating device client; threaded=0; jobified=0
Direct3D:
    Version:  Direct3D 11.0 [level 11.1]
    Renderer: NVIDIA GeForce RTX 2070 (ID=0x1f10)
    Vendor:   NVIDIA
    VRAM:     8019 MB
    Driver:   31.0.15.3179
Initialize mono
Mono path[0] = 'C:/Program Files/Unity Editors/2021.2.7f1/Editor/Data/Managed'
Mono path[1] = 'C:/Program Files/Unity Editors/2021.2.7f1/Editor/Data/MonoBleedingEdge/lib/mono/unityjit-win32'
Mono config path = 'C:/Program Files/Unity Editors/2021.2.7f1/Editor/Data/MonoBleedingEdge/etc'
Using monoOptions --debugger-agent=transport=dt_socket,embedding=1,server=y,suspend=n,address=127.0.0.1:56520
Begin MonoManager ReloadAssembly
Registering precompiled unity dll's ...
Register platform support module: C:/Program Files/Unity Editors/2021.2.7f1/Editor/Data/PlaybackEngines/WebGLSupport/UnityEditor.WebGL.Extensions.dll
Register platform support module: C:/Program Files/Unity Editors/2021.2.7f1/Editor/Data/PlaybackEngines/WindowsStandaloneSupport/UnityEditor.WindowsStandalone.Extensions.dll
Registered in 0.009071 seconds.
Native extension for WindowsStandalone target not found
Native extension for WebGL target not found
Refreshing native plugins compatible for Editor in 43.73 ms, found 2 plugins.
Preloading 0 native plugins for Editor in 0.00 ms.
Mono: successfully reloaded assembly
- Completed reload, in  0.901 seconds
Domain Reload Profiling:
	ReloadAssembly (902ms)
		BeginReloadAssembly (113ms)
			ExecutionOrderSort (0ms)
			DisableScriptedObjects (0ms)
			BackupInstance (0ms)
			ReleaseScriptingObjects (0ms)
			CreateAndSetChildDomain (1ms)
		EndReloadAssembly (663ms)
			LoadAssemblies (111ms)
			RebuildTransferFunctionScriptingTraits (0ms)
			SetupTypeCache (179ms)
			ReleaseScriptCaches (0ms)
			RebuildScriptCaches (37ms)
			SetupLoadedEditorAssemblies (368ms)
				LogAssemblyErrors (0ms)
				InitializePlatformSupportModulesInManaged (23ms)
				SetLoadedEditorAssemblies (0ms)
				RefreshPlugins (44ms)
				BeforeProcessingInitializeOnLoad (2ms)
				ProcessInitializeOnLoadAttributes (238ms)
				ProcessInitializeOnLoadMethodAttributes (61ms)
				AfterProcessingInitializeOnLoad (0ms)
				EditorAssembliesLoaded (0ms)
			ExecutionOrderSort2 (0ms)
			AwakeInstancesAfterBackupRestoration (0ms)
Platform modules already initialized, skipping
Registering precompiled user dll's ...
Registered in 0.007403 seconds.
Begin MonoManager ReloadAssembly
Native extension for WindowsStandalone target not found
Native extension for WebGL target not found
Refreshing native plugins compatible for Editor in 0.37 ms, found 2 plugins.
Preloading 0 native plugins for Editor in 0.00 ms.
Mono: successfully reloaded assembly
- Completed reload, in  1.355 seconds
Domain Reload Profiling:
	ReloadAssembly (1357ms)
		BeginReloadAssembly (195ms)
			ExecutionOrderSort (0ms)
			DisableScriptedObjects (8ms)
			BackupInstance (0ms)
			ReleaseScriptingObjects (0ms)
			CreateAndSetChildDomain (37ms)
		EndReloadAssembly (987ms)
			LoadAssemblies (124ms)
			RebuildTransferFunctionScriptingTraits (0ms)
			SetupTypeCache (331ms)
			ReleaseScriptCaches (1ms)
			RebuildScriptCaches (68ms)
			SetupLoadedEditorAssemblies (438ms)
				LogAssemblyErrors (0ms)
				InitializePlatformSupportModulesInManaged (17ms)
				SetLoadedEditorAssemblies (1ms)
				RefreshPlugins (0ms)
				BeforeProcessingInitializeOnLoad (73ms)
				ProcessInitializeOnLoadAttributes (295ms)
				ProcessInitializeOnLoadMethodAttributes (44ms)
				AfterProcessingInitializeOnLoad (8ms)
				EditorAssembliesLoaded (0ms)
			ExecutionOrderSort2 (0ms)
			AwakeInstancesAfterBackupRestoration (9ms)
Platform modules already initialized, skipping
========================================================================
Worker process is ready to serve import requests
Launched and connected shader compiler UnityShaderCompiler.exe after 0.16 seconds
Refreshing native plugins compatible for Editor in 0.41 ms, found 2 plugins.
Preloading 0 native plugins for Editor in 0.00 ms.
Unloading 1621 Unused Serialized files (Serialized files now loaded: 0)
Unloading 23 unused Assets / (56.1 KB). Loaded Objects now: 2087.
Memory consumption went from 71.3 MB to 71.2 MB.
Total: 4.642800 ms (FindLiveObjects: 0.199000 ms CreateObjectMapping: 0.090300 ms MarkObjects: 4.256800 ms  DeleteObjects: 0.095000 ms)

AssetImportParameters requested are different than current active one (requested -> active):
  custom:video-decoder-ogg-theora: a1e56fd34408186e4bbccfd4996cb3dc -> 
  custom:container-muxer-webm: aa71ff27fc2769a1b78a27578f13a17b -> 
  custom:container-demuxer-webm: 4f35f7cbe854078d1ac9338744f61a02 -> 
  custom:video-encoder-webm-vp8: eb34c28f22e8b96e1ab97ce403110664 -> 
  custom:video-codec-MediaFoundation-h265: 746d11721c4dcdbdad8f713fa42b33f4 -> 
  custom:audio-encoder-webm-vorbis: bf7c407c2cedff20999df2af8eb42d56 -> 
  custom:framework-win-MediaFoundation: 216162199b28c13a410421893ffa2e32 -> 
  custom:container-demuxer-ogg: 62fdf1f143b41e24485cea50d1cbac27 -> 
  custom:video-decoder-webm-vp8: 9c59270c3fd7afecdb556c50c9e8de78 -> 
  custom:audio-decoder-ogg-vorbis: bf7c407c2cedff20999df2af8eb42d56 -> 
========================================================================
Received Import Request.
  Time since last request: 394218.486431 seconds.
  path: Assets/Art/KOTIYALOGO.png
  artifactKey: Guid(957f538797494ed4192259560b31d9db) Importer(815301076,1909f56bfc062723c751e8b465ee728b)
Start importing Assets/Art/KOTIYALOGO.png using Guid(957f538797494ed4192259560b31d9db) Importer(815301076,1909f56bfc062723c751e8b465ee728b)  -> (artifact id: '4bbf16784bd9e58ff2b98b93ff1ae43e') in 0.222443 seconds 
========================================================================
Received Import Request.
  Time since last request: 0.000032 seconds.
  path: Assets/Art/change3.png
  artifactKey: Guid(6e27e7b3b09930e4a94b54b07be53aca) Importer(815301076,1909f56bfc062723c751e8b465ee728b)
Start importing Assets/Art/change3.png using Guid(6e27e7b3b09930e4a94b54b07be53aca) Importer(815301076,1909f56bfc062723c751e8b465ee728b)  -> (artifact id: '628c8451cd64e85ff7cd47244f33095e') in 0.033936 seconds 
========================================================================
Received Import Request.
  Time since last request: 0.000038 seconds.
  path: Assets/Art/personhead3.png
  artifactKey: Guid(76345dcd46dc7834485bbe9b8ce5132a) Importer(815301076,1909f56bfc062723c751e8b465ee728b)
Start importing Assets/Art/personhead3.png using Guid(76345dcd46dc7834485bbe9b8ce5132a) Importer(815301076,1909f56bfc062723c751e8b465ee728b)  -> (artifact id: '00b11ec2cad1e99b5ea1b546386f5dd7') in 0.099879 seconds 
========================================================================
Received Import Request.
  Time since last request: 0.000023 seconds.
  path: Assets/Art/Flytrap.png
  artifactKey: Guid(7d88beb8b30749d46896eca6c9c0e063) Importer(815301076,1909f56bfc062723c751e8b465ee728b)
Start importing Assets/Art/Flytrap.png using Guid(7d88beb8b30749d46896eca6c9c0e063) Importer(815301076,1909f56bfc062723c751e8b465ee728b)  -> (artifact id: '3417b0354c6544c64330f1528d613b0f') in 0.046203 seconds 
========================================================================
Received Import Request.
  Time since last request: 0.000028 seconds.
  path: Assets/Art/book.png
  artifactKey: Guid(1e41a417744c04940a18285eb9495424) Importer(815301076,1909f56bfc062723c751e8b465ee728b)
Start importing Assets/Art/book.png using Guid(1e41a417744c04940a18285eb9495424) Importer(815301076,1909f56bfc062723c751e8b465ee728b)  -> (artifact id: 'e1bc3b2bd474b03077cbfbc5b7dcb3bf') in 0.297662 seconds 
========================================================================
Received Import Request.
  Time since last request: 0.000041 seconds.
  path: Assets/Art/flowers.png
  artifactKey: Guid(ba948c03735f54741ae0999c83a4cc72) Importer(815301076,1909f56bfc062723c751e8b465ee728b)
Start importing Assets/Art/flowers.png using Guid(ba948c03735f54741ae0999c83a4cc72) Importer(815301076,1909f56bfc062723c751e8b465ee728b)  -> (artifact id: 'f20b4c78fa95d2fcb4f44fb5cb2c5eec') in 0.082852 seconds 
========================================================================
Received Import Request.
  Time since last request: 0.000041 seconds.
  path: Assets/Art/brain.png
  artifactKey: Guid(25d339cd17fb27640a1c5e24271d29f0) Importer(815301076,1909f56bfc062723c751e8b465ee728b)
Start importing Assets/Art/brain.png using Guid(25d339cd17fb27640a1c5e24271d29f0) Importer(815301076,1909f56bfc062723c751e8b465ee728b)  -> (artifact id: 'c6a689c98b92385ce7cde6494be57ae9') in 0.077182 seconds 
========================================================================
Received Import Request.
  Time since last request: 0.000027 seconds.
  path: Assets/Art/polaroid1.png
  artifactKey: Guid(fc3aa6d316bb81843a92584af445cf22) Importer(815301076,1909f56bfc062723c751e8b465ee728b)
Start importing Assets/Art/polaroid1.png using Guid(fc3aa6d316bb81843a92584af445cf22) Importer(815301076,1909f56bfc062723c751e8b465ee728b)  -> (artifact id: 'e5bea618de93c03c3cbc265549715417') in 0.066152 seconds 
========================================================================
Received Import Request.
  Time since last request: 0.000040 seconds.
  path: Assets/Art/instructions.png
  artifactKey: Guid(540e64d97740e1b4fb5cd443f56d9f4b) Importer(815301076,1909f56bfc062723c751e8b465ee728b)
Start importing Assets/Art/instructions.png using Guid(540e64d97740e1b4fb5cd443f56d9f4b) Importer(815301076,1909f56bfc062723c751e8b465ee728b)  -> (artifact id: '22161f8650d58e4342fdffff8234f80b') in 0.049281 seconds 
========================================================================
Received Import Request.
  Time since last request: 0.000034 seconds.
  path: Assets/Art/booktab1.png
  artifactKey: Guid(29a8fee3858538d4493a4194c31bdc4b) Importer(815301076,1909f56bfc062723c751e8b465ee728b)
Start importing Assets/Art/booktab1.png using Guid(29a8fee3858538d4493a4194c31bdc4b) Importer(815301076,1909f56bfc062723c751e8b465ee728b)  -> (artifact id: 'ce351aaccafbc048bf9055182824b142') in 0.066308 seconds 
========================================================================
Received Import Request.
  Time since last request: 0.000035 seconds.
  path: Assets/Art/change2.png
  artifactKey: Guid(e9a5c2bab9c389845be4a9d91ecb6c92) Importer(815301076,1909f56bfc062723c751e8b465ee728b)
Start importing Assets/Art/change2.png using Guid(e9a5c2bab9c389845be4a9d91ecb6c92) Importer(815301076,1909f56bfc062723c751e8b465ee728b)  -> (artifact id: 'c0788a44e24a6ac2f3d6b22f90a88cef') in 0.071808 seconds 
========================================================================
Received Import Request.
  Time since last request: 0.000030 seconds.
  path: Assets/Art/gmtklogo.png
  artifactKey: Guid(527a4fb06c55dff409c235ee67d3c868) Importer(815301076,1909f56bfc062723c751e8b465ee728b)
Start importing Assets/Art/gmtklogo.png using Guid(527a4fb06c55dff409c235ee67d3c868) Importer(815301076,1909f56bfc062723c751e8b465ee728b)  -> (artifact id: '629c4959d8f7873c4180c5ca1fe19d88') in 0.103147 seconds 
========================================================================
Received Import Request.
  Time since last request: 0.000032 seconds.
  path: Assets/Art/arrow.png
  artifactKey: Guid(0dbbdb05f88957549808ae44a6e70333) Importer(815301076,1909f56bfc062723c751e8b465ee728b)
Start importing Assets/Art/arrow.png using Guid(0dbbdb05f88957549808ae44a6e70333) Importer(815301076,1909f56bfc062723c751e8b465ee728b)  -> (artifact id: '2819ec50e9741edab6743b75e307557a') in 0.048033 seconds 
========================================================================
Received Prepare
Registering precompiled user dll's ...
Registered in 0.003896 seconds.
Begin MonoManager ReloadAssembly
Native extension for WindowsStandalone target not found
Native extension for WebGL target not found
Refreshing native plugins compatible for Editor in 0.84 ms, found 2 plugins.
Preloading 0 native plugins for Editor in 0.00 ms.
Mono: successfully reloaded assembly
- Completed reload, in  1.480 seconds
Domain Reload Profiling:
	ReloadAssembly (1481ms)
		BeginReloadAssembly (179ms)
			ExecutionOrderSort (0ms)
			DisableScriptedObjects (11ms)
			BackupInstance (0ms)
			ReleaseScriptingObjects (0ms)
			CreateAndSetChildDomain (46ms)
		EndReloadAssembly (1154ms)
			LoadAssemblies (104ms)
			RebuildTransferFunctionScriptingTraits (0ms)
			SetupTypeCache (290ms)
			ReleaseScriptCaches (1ms)
			RebuildScriptCaches (81ms)
			SetupLoadedEditorAssemblies (539ms)
				LogAssemblyErrors (0ms)
				InitializePlatformSupportModulesInManaged (23ms)
				SetLoadedEditorAssemblies (1ms)
				RefreshPlugins (1ms)
				BeforeProcessingInitializeOnLoad (102ms)
				ProcessInitializeOnLoadAttributes (347ms)
				ProcessInitializeOnLoadMethodAttributes (51ms)
				AfterProcessingInitializeOnLoad (13ms)
				EditorAssembliesLoaded (0ms)
			ExecutionOrderSort2 (0ms)
			AwakeInstancesAfterBackupRestoration (36ms)
Platform modules already initialized, skipping
Refreshing native plugins compatible for Editor in 1.33 ms, found 2 plugins.
Preloading 0 native plugins for Editor in 0.00 ms.
Unloading 1629 Unused Serialized files (Serialized files now loaded: 0)
Unloading 14 unused Assets / (31.7 KB). Loaded Objects now: 2323.
Memory consumption went from 89.6 MB to 89.5 MB.
Total: 8.400700 ms (FindLiveObjects: 0.750000 ms CreateObjectMapping: 0.355700 ms MarkObjects: 7.249700 ms  DeleteObjects: 0.043200 ms)

AssetImportParameters requested are different than current active one (requested -> active):
  custom:video-decoder-ogg-theora: a1e56fd34408186e4bbccfd4996cb3dc -> 
  custom:container-muxer-webm: aa71ff27fc2769a1b78a27578f13a17b -> 
  custom:container-demuxer-webm: 4f35f7cbe854078d1ac9338744f61a02 -> 
  custom:video-encoder-webm-vp8: eb34c28f22e8b96e1ab97ce403110664 -> 
  custom:video-codec-MediaFoundation-h265: 746d11721c4dcdbdad8f713fa42b33f4 -> 
  custom:audio-encoder-webm-vorbis: bf7c407c2cedff20999df2af8eb42d56 -> 
  custom:framework-win-MediaFoundation: 216162199b28c13a410421893ffa2e32 -> 
  custom:container-demuxer-ogg: 62fdf1f143b41e24485cea50d1cbac27 -> 
  custom:video-decoder-webm-vp8: 9c59270c3fd7afecdb556c50c9e8de78 -> 
  custom:audio-decoder-ogg-vorbis: bf7c407c2cedff20999df2af8eb42d56 -> 
========================================================================
Received Prepare
Registering precompiled user dll's ...
Registered in 0.006739 seconds.
Begin MonoManager ReloadAssembly
Native extension for WindowsStandalone target not found
Native extension for WebGL target not found
Refreshing native plugins compatible for Editor in 0.44 ms, found 2 plugins.
Preloading 0 native plugins for Editor in 0.00 ms.
Mono: successfully reloaded assembly
- Completed reload, in  1.433 seconds
Domain Reload Profiling:
	ReloadAssembly (1434ms)
		BeginReloadAssembly (169ms)
			ExecutionOrderSort (0ms)
			DisableScriptedObjects (12ms)
			BackupInstance (0ms)
			ReleaseScriptingObjects (0ms)
			CreateAndSetChildDomain (38ms)
		EndReloadAssembly (1125ms)
			LoadAssemblies (93ms)
			RebuildTransferFunctionScriptingTraits (0ms)
			SetupTypeCache (274ms)
			ReleaseScriptCaches (1ms)
			RebuildScriptCaches (64ms)
			SetupLoadedEditorAssemblies (592ms)
				LogAssemblyErrors (0ms)
				InitializePlatformSupportModulesInManaged (25ms)
				SetLoadedEditorAssemblies (1ms)
				RefreshPlugins (1ms)
				BeforeProcessingInitializeOnLoad (96ms)
				ProcessInitializeOnLoadAttributes (419ms)
				ProcessInitializeOnLoadMethodAttributes (41ms)
				AfterProcessingInitializeOnLoad (10ms)
				EditorAssembliesLoaded (0ms)
			ExecutionOrderSort2 (0ms)
			AwakeInstancesAfterBackupRestoration (24ms)
Platform modules already initialized, skipping
Refreshing native plugins compatible for Editor in 0.50 ms, found 2 plugins.
Preloading 0 native plugins for Editor in 0.00 ms.
Unloading 1616 Unused Serialized files (Serialized files now loaded: 0)
Unloading 14 unused Assets / (31.8 KB). Loaded Objects now: 2325.
Memory consumption went from 89.0 MB to 89.0 MB.
Total: 6.332400 ms (FindLiveObjects: 0.306000 ms CreateObjectMapping: 0.138800 ms MarkObjects: 5.853100 ms  DeleteObjects: 0.032800 ms)

AssetImportParameters requested are different than current active one (requested -> active):
  custom:video-decoder-ogg-theora: a1e56fd34408186e4bbccfd4996cb3dc -> 
  custom:container-muxer-webm: aa71ff27fc2769a1b78a27578f13a17b -> 
  custom:container-demuxer-webm: 4f35f7cbe854078d1ac9338744f61a02 -> 
  custom:video-encoder-webm-vp8: eb34c28f22e8b96e1ab97ce403110664 -> 
  custom:video-codec-MediaFoundation-h265: 746d11721c4dcdbdad8f713fa42b33f4 -> 
  custom:audio-encoder-webm-vorbis: bf7c407c2cedff20999df2af8eb42d56 -> 
  custom:framework-win-MediaFoundation: 216162199b28c13a410421893ffa2e32 -> 
  custom:container-demuxer-ogg: 62fdf1f143b41e24485cea50d1cbac27 -> 
  custom:video-decoder-webm-vp8: 9c59270c3fd7afecdb556c50c9e8de78 -> 
  custom:audio-decoder-ogg-vorbis: bf7c407c2cedff20999df2af8eb42d56 -> 
========================================================================
Received Prepare
Refreshing native plugins compatible for Editor in 4.51 ms, found 2 plugins.
Preloading 0 native plugins for Editor in 0.00 ms.
Unloading 13 Unused Serialized files (Serialized files now loaded: 0)
Unloading 12 unused Assets / (29.0 KB). Loaded Objects now: 2325.
Memory consumption went from 56.9 MB to 56.8 MB.
Total: 4.621800 ms (FindLiveObjects: 0.210900 ms CreateObjectMapping: 0.098500 ms MarkObjects: 4.286100 ms  DeleteObjects: 0.025100 ms)

AssetImportParameters requested are different than current active one (requested -> active):
  custom:video-decoder-ogg-theora: a1e56fd34408186e4bbccfd4996cb3dc -> 
  custom:container-muxer-webm: aa71ff27fc2769a1b78a27578f13a17b -> 
  custom:container-demuxer-webm: 4f35f7cbe854078d1ac9338744f61a02 -> 
  custom:video-encoder-webm-vp8: eb34c28f22e8b96e1ab97ce403110664 -> 
  custom:video-codec-MediaFoundation-h265: 746d11721c4dcdbdad8f713fa42b33f4 -> 
  custom:audio-encoder-webm-vorbis: bf7c407c2cedff20999df2af8eb42d56 -> 
  custom:framework-win-MediaFoundation: 216162199b28c13a410421893ffa2e32 -> 
  custom:container-demuxer-ogg: 62fdf1f143b41e24485cea50d1cbac27 -> 
  custom:video-decoder-webm-vp8: 9c59270c3fd7afecdb556c50c9e8de78 -> 
  custom:audio-decoder-ogg-vorbis: bf7c407c2cedff20999df2af8eb42d56 -> 
========================================================================
Received Prepare
Refreshing native plugins compatible for Editor in 4.08 ms, found 2 plugins.
Preloading 0 native plugins for Editor in 0.00 ms.
Unloading 13 Unused Serialized files (Serialized files now loaded: 0)
Unloading 12 unused Assets / (29.0 KB). Loaded Objects now: 2325.
Memory consumption went from 56.9 MB to 56.8 MB.
Total: 4.000400 ms (FindLiveObjects: 0.258200 ms CreateObjectMapping: 0.114100 ms MarkObjects: 3.605400 ms  DeleteObjects: 0.021100 ms)

AssetImportParameters requested are different than current active one (requested -> active):
  custom:video-decoder-ogg-theora: a1e56fd34408186e4bbccfd4996cb3dc -> 
  custom:container-muxer-webm: aa71ff27fc2769a1b78a27578f13a17b -> 
  custom:container-demuxer-webm: 4f35f7cbe854078d1ac9338744f61a02 -> 
  custom:video-encoder-webm-vp8: eb34c28f22e8b96e1ab97ce403110664 -> 
  custom:video-codec-MediaFoundation-h265: 746d11721c4dcdbdad8f713fa42b33f4 -> 
  custom:audio-encoder-webm-vorbis: bf7c407c2cedff20999df2af8eb42d56 -> 
  custom:framework-win-MediaFoundation: 216162199b28c13a410421893ffa2e32 -> 
  custom:container-demuxer-ogg: 62fdf1f143b41e24485cea50d1cbac27 -> 
  custom:video-decoder-webm-vp8: 9c59270c3fd7afecdb556c50c9e8de78 -> 
  custom:audio-decoder-ogg-vorbis: bf7c407c2cedff20999df2af8eb42d56 -> 
========================================================================
Received Prepare
Refreshing native plugins compatible for Editor in 4.58 ms, found 2 plugins.
Preloading 0 native plugins for Editor in 0.00 ms.
Unloading 13 Unused Serialized files (Serialized files now loaded: 0)
Unloading 12 unused Assets / (29.0 KB). Loaded Objects now: 2325.
Memory consumption went from 56.9 MB to 56.8 MB.
Total: 4.615200 ms (FindLiveObjects: 0.275700 ms CreateObjectMapping: 0.132700 ms MarkObjects: 4.185900 ms  DeleteObjects: 0.019600 ms)

AssetImportParameters requested are different than current active one (requested -> active):
  custom:video-decoder-ogg-theora: a1e56fd34408186e4bbccfd4996cb3dc -> 
  custom:container-muxer-webm: aa71ff27fc2769a1b78a27578f13a17b -> 
  custom:container-demuxer-webm: 4f35f7cbe854078d1ac9338744f61a02 -> 
  custom:video-encoder-webm-vp8: eb34c28f22e8b96e1ab97ce403110664 -> 
  custom:video-codec-MediaFoundation-h265: 746d11721c4dcdbdad8f713fa42b33f4 -> 
  custom:audio-encoder-webm-vorbis: bf7c407c2cedff20999df2af8eb42d56 -> 
  custom:framework-win-MediaFoundation: 216162199b28c13a410421893ffa2e32 -> 
  custom:container-demuxer-ogg: 62fdf1f143b41e24485cea50d1cbac27 -> 
  custom:video-decoder-webm-vp8: 9c59270c3fd7afecdb556c50c9e8de78 -> 
  custom:audio-decoder-ogg-vorbis: bf7c407c2cedff20999df2af8eb42d56 -> 
========================================================================
Received Import Request.
  Time since last request: 1047.408840 seconds.
  path: Assets/Art/background.png
  artifactKey: Guid(9ffe5aa05a000e44a856d942168782c8) Importer(815301076,1909f56bfc062723c751e8b465ee728b)
Start importing Assets/Art/background.png using Guid(9ffe5aa05a000e44a856d942168782c8) Importer(815301076,1909f56bfc062723c751e8b465ee728b)  -> (artifact id: '5905c3b6b345dcc81c086b60b233faaf') in 0.214147 seconds 
========================================================================
Received Import Request.
  Time since last request: 0.000051 seconds.
  path: Assets/Art/change3.png
  artifactKey: Guid(6e27e7b3b09930e4a94b54b07be53aca) Importer(815301076,1909f56bfc062723c751e8b465ee728b)
Start importing Assets/Art/change3.png using Guid(6e27e7b3b09930e4a94b54b07be53aca) Importer(815301076,1909f56bfc062723c751e8b465ee728b)  -> (artifact id: 'cfc6f2f0c51c9588e570395719adb61e') in 0.031585 seconds 
========================================================================
Received Import Request.
  Time since last request: 0.000041 seconds.
  path: Assets/Art/personhead3.png
  artifactKey: Guid(76345dcd46dc7834485bbe9b8ce5132a) Importer(815301076,1909f56bfc062723c751e8b465ee728b)
Start importing Assets/Art/personhead3.png using Guid(76345dcd46dc7834485bbe9b8ce5132a) Importer(815301076,1909f56bfc062723c751e8b465ee728b)  -> (artifact id: 'd84078d0626ebac6d47c80acc7fa7204') in 0.067703 seconds 
========================================================================
Received Import Request.
  Time since last request: 0.000019 seconds.
  path: Assets/Art/brain2.png
  artifactKey: Guid(b56f6352cde06434087e274d4fcc0ae2) Importer(815301076,1909f56bfc062723c751e8b465ee728b)
Start importing Assets/Art/brain2.png using Guid(b56f6352cde06434087e274d4fcc0ae2) Importer(815301076,1909f56bfc062723c751e8b465ee728b)  -> (artifact id: 'eb38547702075e61bdb74d9512212e70') in 0.062687 seconds 
========================================================================
Received Import Request.
  Time since last request: 0.000029 seconds.
  path: Assets/Art/book.png
  artifactKey: Guid(1e41a417744c04940a18285eb9495424) Importer(815301076,1909f56bfc062723c751e8b465ee728b)
Start importing Assets/Art/book.png using Guid(1e41a417744c04940a18285eb9495424) Importer(815301076,1909f56bfc062723c751e8b465ee728b)  -> (artifact id: '750bd08214b6437ee74efc91754bdf00') in 0.212459 seconds 
========================================================================
Received Import Request.
  Time since last request: 0.000053 seconds.
  path: Assets/Art/schedulethingy.png
  artifactKey: Guid(393bd6146dd14a142a0b77818b3eed48) Importer(815301076,1909f56bfc062723c751e8b465ee728b)
Start importing Assets/Art/schedulethingy.png using Guid(393bd6146dd14a142a0b77818b3eed48) Importer(815301076,1909f56bfc062723c751e8b465ee728b)  -> (artifact id: '439d483602e41e9924cae4ca0579d816') in 0.040668 seconds 
========================================================================
Received Import Request.
  Time since last request: 0.000030 seconds.
  path: Assets/Art/polaroid2.png
  artifactKey: Guid(1e41d7188b88dd84faadcf34c0a46687) Importer(815301076,1909f56bfc062723c751e8b465ee728b)
Start importing Assets/Art/polaroid2.png using Guid(1e41d7188b88dd84faadcf34c0a46687) Importer(815301076,1909f56bfc062723c751e8b465ee728b)  -> (artifact id: '55f67b1e15466cd9b4605ef4374d5658') in 0.029712 seconds 
========================================================================
Received Import Request.
  Time since last request: 0.000022 seconds.
  path: Assets/Art/r2.png
  artifactKey: Guid(ab64811e3d995224b850d9da6ede14d8) Importer(815301076,1909f56bfc062723c751e8b465ee728b)
Start importing Assets/Art/r2.png using Guid(ab64811e3d995224b850d9da6ede14d8) Importer(815301076,1909f56bfc062723c751e8b465ee728b)  -> (artifact id: '05f7cfe87328c8eb125489b34c1f1dfa') in 0.033264 seconds 
========================================================================
Received Import Request.
  Time since last request: 0.000027 seconds.
  path: Assets/Art/tab2.png
  artifactKey: Guid(f39f9145e7a694e4b85dca62b3b79209) Importer(815301076,1909f56bfc062723c751e8b465ee728b)
Start importing Assets/Art/tab2.png using Guid(f39f9145e7a694e4b85dca62b3b79209) Importer(815301076,1909f56bfc062723c751e8b465ee728b)  -> (artifact id: 'e11d8e43f625ef2a139be987d4cd64ab') in 0.036339 seconds 
========================================================================
Received Import Request.
  Time since last request: 0.000028 seconds.
  path: Assets/Art/flowers.png
  artifactKey: Guid(ba948c03735f54741ae0999c83a4cc72) Importer(815301076,1909f56bfc062723c751e8b465ee728b)
Start importing Assets/Art/flowers.png using Guid(ba948c03735f54741ae0999c83a4cc72) Importer(815301076,1909f56bfc062723c751e8b465ee728b)  -> (artifact id: '9da0d2dee8f10d974b54ae3129ca3918') in 0.061242 seconds 
========================================================================
Received Import Request.
  Time since last request: 0.000026 seconds.
  path: Assets/Art/brain.png
  artifactKey: Guid(25d339cd17fb27640a1c5e24271d29f0) Importer(815301076,1909f56bfc062723c751e8b465ee728b)
Start importing Assets/Art/brain.png using Guid(25d339cd17fb27640a1c5e24271d29f0) Importer(815301076,1909f56bfc062723c751e8b465ee728b)  -> (artifact id: '438feafcf29ffae1e15720b6fe969f3e') in 0.064209 seconds 
========================================================================
Received Import Request.
  Time since last request: 0.000037 seconds.
  path: Assets/Art/exeicon.png
  artifactKey: Guid(342b5febbe8c72a449b72efab6d68681) Importer(815301076,1909f56bfc062723c751e8b465ee728b)
Start importing Assets/Art/exeicon.png using Guid(342b5febbe8c72a449b72efab6d68681) Importer(815301076,1909f56bfc062723c751e8b465ee728b)  -> (artifact id: 'b961a796003484306a60f41d62094ee8') in 0.061694 seconds 
========================================================================
Received Import Request.
  Time since last request: 0.000031 seconds.
  path: Assets/Art/polaroid1.png
  artifactKey: Guid(fc3aa6d316bb81843a92584af445cf22) Importer(815301076,1909f56bfc062723c751e8b465ee728b)
Start importing Assets/Art/polaroid1.png using Guid(fc3aa6d316bb81843a92584af445cf22) Importer(815301076,1909f56bfc062723c751e8b465ee728b)  -> (artifact id: 'd380a4727025a88669254c2974379c1e') in 0.024846 seconds 
========================================================================
Received Import Request.
  Time since last request: 0.000020 seconds.
  path: Assets/Art/instructions.png
  artifactKey: Guid(540e64d97740e1b4fb5cd443f56d9f4b) Importer(815301076,1909f56bfc062723c751e8b465ee728b)
Start importing Assets/Art/instructions.png using Guid(540e64d97740e1b4fb5cd443f56d9f4b) Importer(815301076,1909f56bfc062723c751e8b465ee728b)  -> (artifact id: '4e2bfe5ea96c30ace8604ff5d515c9ec') in 0.023428 seconds 
========================================================================
Received Import Request.
  Time since last request: 0.000026 seconds.
  path: Assets/Art/change2.png
  artifactKey: Guid(e9a5c2bab9c389845be4a9d91ecb6c92) Importer(815301076,1909f56bfc062723c751e8b465ee728b)
Start importing Assets/Art/change2.png using Guid(e9a5c2bab9c389845be4a9d91ecb6c92) Importer(815301076,1909f56bfc062723c751e8b465ee728b)  -> (artifact id: '8c07dcc07614df7e36ff013e7b8dff0a') in 0.032444 seconds 
========================================================================
Received Import Request.
  Time since last request: 0.000055 seconds.
  path: Assets/Art/personhead.png
  artifactKey: Guid(0fa629c9ea54c2848ae2a9029acfa68c) Importer(815301076,1909f56bfc062723c751e8b465ee728b)
Start importing Assets/Art/personhead.png using Guid(0fa629c9ea54c2848ae2a9029acfa68c) Importer(815301076,1909f56bfc062723c751e8b465ee728b)  -> (artifact id: '47628a72fe4553d899d10c31e6ff9df9') in 0.068782 seconds 
========================================================================
Received Import Request.
  Time since last request: 0.000029 seconds.
  path: Assets/Art/r3.png
  artifactKey: Guid(f960df1c46c7d414f8db4d9cc51a049e) Importer(815301076,1909f56bfc062723c751e8b465ee728b)
Start importing Assets/Art/r3.png using Guid(f960df1c46c7d414f8db4d9cc51a049e) Importer(815301076,1909f56bfc062723c751e8b465ee728b)  -> (artifact id: '873e6cae966355c78c188af0f0a76f1b') in 0.127866 seconds 
========================================================================
Received Import Request.
  Time since last request: 0.000033 seconds.
  path: Assets/Art/polaroid3.png
  artifactKey: Guid(8f302756511ce0d4c8b0895a2264324a) Importer(815301076,1909f56bfc062723c751e8b465ee728b)
Start importing Assets/Art/polaroid3.png using Guid(8f302756511ce0d4c8b0895a2264324a) Importer(815301076,1909f56bfc062723c751e8b465ee728b)  -> (artifact id: 'e998dff2e39be8879f7b8b192cb9f76d') in 0.034581 seconds 
========================================================================
Received Prepare
Registering precompiled user dll's ...
Registered in 0.006367 seconds.
Begin MonoManager ReloadAssembly
Native extension for WindowsStandalone target not found
Native extension for WebGL target not found
Refreshing native plugins compatible for Editor in 0.40 ms, found 2 plugins.
Preloading 0 native plugins for Editor in 0.00 ms.
Mono: successfully reloaded assembly
- Completed reload, in  1.269 seconds
Domain Reload Profiling:
	ReloadAssembly (1270ms)
		BeginReloadAssembly (178ms)
			ExecutionOrderSort (0ms)
			DisableScriptedObjects (10ms)
			BackupInstance (0ms)
			ReleaseScriptingObjects (0ms)
			CreateAndSetChildDomain (42ms)
		EndReloadAssembly (948ms)
			LoadAssemblies (103ms)
			RebuildTransferFunctionScriptingTraits (0ms)
			SetupTypeCache (261ms)
			ReleaseScriptCaches (1ms)
			RebuildScriptCaches (72ms)
			SetupLoadedEditorAssemblies (422ms)
				LogAssemblyErrors (0ms)
				InitializePlatformSupportModulesInManaged (17ms)
				SetLoadedEditorAssemblies (1ms)
				RefreshPlugins (0ms)
				BeforeProcessingInitializeOnLoad (88ms)
				ProcessInitializeOnLoadAttributes (263ms)
				ProcessInitializeOnLoadMethodAttributes (45ms)
				AfterProcessingInitializeOnLoad (8ms)
				EditorAssembliesLoaded (0ms)
			ExecutionOrderSort2 (0ms)
			AwakeInstancesAfterBackupRestoration (23ms)
Platform modules already initialized, skipping
Refreshing native plugins compatible for Editor in 0.40 ms, found 2 plugins.
Preloading 0 native plugins for Editor in 0.00 ms.
Unloading 1626 Unused Serialized files (Serialized files now loaded: 0)
Unloading 14 unused Assets / (31.8 KB). Loaded Objects now: 2605.
Memory consumption went from 100.3 MB to 100.3 MB.
Total: 3.483300 ms (FindLiveObjects: 0.252300 ms CreateObjectMapping: 0.089200 ms MarkObjects: 3.105300 ms  DeleteObjects: 0.035100 ms)

AssetImportParameters requested are different than current active one (requested -> active):
  custom:video-decoder-ogg-theora: a1e56fd34408186e4bbccfd4996cb3dc -> 
  custom:container-muxer-webm: aa71ff27fc2769a1b78a27578f13a17b -> 
  custom:container-demuxer-webm: 4f35f7cbe854078d1ac9338744f61a02 -> 
  custom:video-encoder-webm-vp8: eb34c28f22e8b96e1ab97ce403110664 -> 
  custom:video-codec-MediaFoundation-h265: 746d11721c4dcdbdad8f713fa42b33f4 -> 
  custom:audio-encoder-webm-vorbis: bf7c407c2cedff20999df2af8eb42d56 -> 
  custom:framework-win-MediaFoundation: 216162199b28c13a410421893ffa2e32 -> 
  custom:container-demuxer-ogg: 62fdf1f143b41e24485cea50d1cbac27 -> 
  custom:video-decoder-webm-vp8: 9c59270c3fd7afecdb556c50c9e8de78 -> 
  custom:audio-decoder-ogg-vorbis: bf7c407c2cedff20999df2af8eb42d56 -> 
Editor requested this worker to shutdown with reason: Scaling down because of idle timeout
AssetImportWorker is now disconnected from the server
Process exiting
Exiting without the bug reporter. Application will terminate with return code 0