Using pre-set license
Built from '2021.2/staging' branch; Version is '2021.2.7f1 (6bd9e232123f) revision 7068130'; Using compiler version '192829333'; Build Type 'Release'
OS: 'Windows 11  (10.0.22621) 64bit Professional' Language: 'en' Physical Memory: 16233 MB
BatchMode: 1, IsHumanControllingUs: 0, StartBugReporterOnCrash: 0, Is64bit: 1, IsPro: 0

COMMAND LINE ARGUMENTS:
C:\Program Files\Unity Editors\2021.2.7f1\Editor\Unity.exe
-adb2
-batchMode
-noUpm
-name
AssetImportWorker1
-projectPath
C:/Users/atiya/Desktop/MG_revamped/GMTK2020_Kotiya/GMTK2020_Kotiya
-logFile
Logs/AssetImportWorker1.log
-srvPort
55908
Successfully changed project path to: C:/Users/atiya/Desktop/MG_revamped/GMTK2020_Kotiya/GMTK2020_Kotiya
C:/Users/atiya/Desktop/MG_revamped/GMTK2020_Kotiya/GMTK2020_Kotiya
[UnityMemory] Configuration Parameters - Can be set up in boot.config
    "memorysetup-bucket-allocator-granularity=16"
    "memorysetup-bucket-allocator-bucket-count=8"
    "memorysetup-bucket-allocator-block-size=33554432"
    "memorysetup-bucket-allocator-block-count=8"
    "memorysetup-main-allocator-block-size=16777216"
    "memorysetup-thread-allocator-block-size=16777216"
    "memorysetup-gfx-main-allocator-block-size=16777216"
    "memorysetup-gfx-thread-allocator-block-size=16777216"
    "memorysetup-cache-allocator-block-size=4194304"
    "memorysetup-typetree-allocator-block-size=2097152"
    "memorysetup-profiler-bucket-allocator-granularity=16"
    "memorysetup-profiler-bucket-allocator-bucket-count=8"
    "memorysetup-profiler-bucket-allocator-block-size=33554432"
    "memorysetup-profiler-bucket-allocator-block-count=8"
    "memorysetup-profiler-allocator-block-size=16777216"
    "memorysetup-profiler-editor-allocator-block-size=1048576"
    "memorysetup-temp-allocator-size-main=16777216"
    "memorysetup-job-temp-allocator-block-size=2097152"
    "memorysetup-job-temp-allocator-block-size-background=1048576"
    "memorysetup-job-temp-allocator-reduction-small-platforms=262144"
    "memorysetup-temp-allocator-size-background-worker=32768"
    "memorysetup-temp-allocator-size-job-worker=262144"
    "memorysetup-temp-allocator-size-preload-manager=33554432"
    "memorysetup-temp-allocator-size-nav-mesh-worker=65536"
    "memorysetup-temp-allocator-size-audio-worker=65536"
    "memorysetup-temp-allocator-size-cloud-worker=32768"
    "memorysetup-temp-allocator-size-gi-baking-worker=262144"
    "memorysetup-temp-allocator-size-gfx=262144"
Refreshing native plugins compatible for Editor in 46.50 ms, found 2 plugins.
Preloading 0 native plugins for Editor in 0.00 ms.
Initialize engine version: 2021.2.7f1 (6bd9e232123f)
[Subsystems] Discovering subsystems at path C:/Program Files/Unity Editors/2021.2.7f1/Editor/Data/Resources/UnitySubsystems
[Subsystems] Discovering subsystems at path C:/Users/atiya/Desktop/MG_revamped/GMTK2020_Kotiya/GMTK2020_Kotiya/Assets
GfxDevice: creating device client; threaded=0; jobified=0
Direct3D:
    Version:  Direct3D 11.0 [level 11.1]
    Renderer: NVIDIA GeForce RTX 2070 (ID=0x1f10)
    Vendor:   NVIDIA
    VRAM:     8019 MB
    Driver:   31.0.15.3179
Initialize mono
Mono path[0] = 'C:/Program Files/Unity Editors/2021.2.7f1/Editor/Data/Managed'
Mono path[1] = 'C:/Program Files/Unity Editors/2021.2.7f1/Editor/Data/MonoBleedingEdge/lib/mono/unityjit-win32'
Mono config path = 'C:/Program Files/Unity Editors/2021.2.7f1/Editor/Data/MonoBleedingEdge/etc'
Using monoOptions --debugger-agent=transport=dt_socket,embedding=1,server=y,suspend=n,address=127.0.0.1:56604
Begin MonoManager ReloadAssembly
Registering precompiled unity dll's ...
Register platform support module: C:/Program Files/Unity Editors/2021.2.7f1/Editor/Data/PlaybackEngines/WebGLSupport/UnityEditor.WebGL.Extensions.dll
Register platform support module: C:/Program Files/Unity Editors/2021.2.7f1/Editor/Data/PlaybackEngines/WindowsStandaloneSupport/UnityEditor.WindowsStandalone.Extensions.dll
Registered in 0.006113 seconds.
Native extension for WindowsStandalone target not found
Native extension for WebGL target not found
Refreshing native plugins compatible for Editor in 38.65 ms, found 2 plugins.
Preloading 0 native plugins for Editor in 0.00 ms.
Mono: successfully reloaded assembly
- Completed reload, in  0.856 seconds
Domain Reload Profiling:
	ReloadAssembly (857ms)
		BeginReloadAssembly (107ms)
			ExecutionOrderSort (0ms)
			DisableScriptedObjects (0ms)
			BackupInstance (0ms)
			ReleaseScriptingObjects (0ms)
			CreateAndSetChildDomain (1ms)
		EndReloadAssembly (631ms)
			LoadAssemblies (103ms)
			RebuildTransferFunctionScriptingTraits (0ms)
			SetupTypeCache (154ms)
			ReleaseScriptCaches (0ms)
			RebuildScriptCaches (44ms)
			SetupLoadedEditorAssemblies (357ms)
				LogAssemblyErrors (0ms)
				InitializePlatformSupportModulesInManaged (24ms)
				SetLoadedEditorAssemblies (0ms)
				RefreshPlugins (39ms)
				BeforeProcessingInitializeOnLoad (2ms)
				ProcessInitializeOnLoadAttributes (220ms)
				ProcessInitializeOnLoadMethodAttributes (72ms)
				AfterProcessingInitializeOnLoad (0ms)
				EditorAssembliesLoaded (0ms)
			ExecutionOrderSort2 (0ms)
			AwakeInstancesAfterBackupRestoration (0ms)
Platform modules already initialized, skipping
Registering precompiled user dll's ...
Registered in 0.007251 seconds.
Begin MonoManager ReloadAssembly
Native extension for WindowsStandalone target not found
Native extension for WebGL target not found
Refreshing native plugins compatible for Editor in 0.36 ms, found 2 plugins.
Preloading 0 native plugins for Editor in 0.00 ms.
Mono: successfully reloaded assembly
- Completed reload, in  1.404 seconds
Domain Reload Profiling:
	ReloadAssembly (1405ms)
		BeginReloadAssembly (203ms)
			ExecutionOrderSort (0ms)
			DisableScriptedObjects (9ms)
			BackupInstance (0ms)
			ReleaseScriptingObjects (0ms)
			CreateAndSetChildDomain (37ms)
		EndReloadAssembly (1025ms)
			LoadAssemblies (129ms)
			RebuildTransferFunctionScriptingTraits (0ms)
			SetupTypeCache (318ms)
			ReleaseScriptCaches (1ms)
			RebuildScriptCaches (83ms)
			SetupLoadedEditorAssemblies (460ms)
				LogAssemblyErrors (0ms)
				InitializePlatformSupportModulesInManaged (22ms)
				SetLoadedEditorAssemblies (1ms)
				RefreshPlugins (0ms)
				BeforeProcessingInitializeOnLoad (76ms)
				ProcessInitializeOnLoadAttributes (309ms)
				ProcessInitializeOnLoadMethodAttributes (42ms)
				AfterProcessingInitializeOnLoad (10ms)
				EditorAssembliesLoaded (0ms)
			ExecutionOrderSort2 (0ms)
			AwakeInstancesAfterBackupRestoration (12ms)
Platform modules already initialized, skipping
========================================================================
Worker process is ready to serve import requests
Launched and connected shader compiler UnityShaderCompiler.exe after 0.16 seconds
Refreshing native plugins compatible for Editor in 0.45 ms, found 2 plugins.
Preloading 0 native plugins for Editor in 0.00 ms.
Unloading 1621 Unused Serialized files (Serialized files now loaded: 0)
Unloading 23 unused Assets / (56.1 KB). Loaded Objects now: 2087.
Memory consumption went from 71.3 MB to 71.2 MB.
Total: 4.160800 ms (FindLiveObjects: 0.189700 ms CreateObjectMapping: 0.092500 ms MarkObjects: 3.772300 ms  DeleteObjects: 0.105200 ms)

AssetImportParameters requested are different than current active one (requested -> active):
  custom:video-decoder-ogg-theora: a1e56fd34408186e4bbccfd4996cb3dc -> 
  custom:container-muxer-webm: aa71ff27fc2769a1b78a27578f13a17b -> 
  custom:container-demuxer-webm: 4f35f7cbe854078d1ac9338744f61a02 -> 
  custom:video-encoder-webm-vp8: eb34c28f22e8b96e1ab97ce403110664 -> 
  custom:video-codec-MediaFoundation-h265: 746d11721c4dcdbdad8f713fa42b33f4 -> 
  custom:audio-encoder-webm-vorbis: bf7c407c2cedff20999df2af8eb42d56 -> 
  custom:framework-win-MediaFoundation: 216162199b28c13a410421893ffa2e32 -> 
  custom:container-demuxer-ogg: 62fdf1f143b41e24485cea50d1cbac27 -> 
  custom:video-decoder-webm-vp8: 9c59270c3fd7afecdb556c50c9e8de78 -> 
  custom:audio-decoder-ogg-vorbis: bf7c407c2cedff20999df2af8eb42d56 -> 
========================================================================
Received Import Request.
  Time since last request: 394218.521310 seconds.
  path: Assets/Art/proceed.png
  artifactKey: Guid(1ee736b0580cb5543ad1ae4ee367bb87) Importer(815301076,1909f56bfc062723c751e8b465ee728b)
Start importing Assets/Art/proceed.png using Guid(1ee736b0580cb5543ad1ae4ee367bb87) Importer(815301076,1909f56bfc062723c751e8b465ee728b)  -> (artifact id: '67ab491e6c47f2de688a73f2adace5b3') in 0.196519 seconds 
========================================================================
Received Import Request.
  Time since last request: 0.000022 seconds.
  path: Assets/Art/tutorial.png
  artifactKey: Guid(59a692fc3ab18a14ba877e3c56645378) Importer(815301076,1909f56bfc062723c751e8b465ee728b)
Start importing Assets/Art/tutorial.png using Guid(59a692fc3ab18a14ba877e3c56645378) Importer(815301076,1909f56bfc062723c751e8b465ee728b)  -> (artifact id: '6ff7e392c296b799cb9d51652203147d') in 0.044749 seconds 
========================================================================
Received Import Request.
  Time since last request: 0.000025 seconds.
  path: Assets/Art/vignette.png
  artifactKey: Guid(9d43224f5a2b637488bf542d1f9889ba) Importer(815301076,1909f56bfc062723c751e8b465ee728b)
Start importing Assets/Art/vignette.png using Guid(9d43224f5a2b637488bf542d1f9889ba) Importer(815301076,1909f56bfc062723c751e8b465ee728b)  -> (artifact id: '2536edd812643c3bdf79577be0c34833') in 0.154872 seconds 
========================================================================
Received Import Request.
  Time since last request: 0.000081 seconds.
  path: Assets/Art/r1.png
  artifactKey: Guid(bd5ce72713646994f9637870d6a8d7a0) Importer(815301076,1909f56bfc062723c751e8b465ee728b)
Start importing Assets/Art/r1.png using Guid(bd5ce72713646994f9637870d6a8d7a0) Importer(815301076,1909f56bfc062723c751e8b465ee728b)  -> (artifact id: '5a8ab8844922804a7051a3f58bc423fe') in 0.042822 seconds 
========================================================================
Received Import Request.
  Time since last request: 0.000036 seconds.
  path: Assets/Art/proceed2.png
  artifactKey: Guid(f0d7eb75ec585684580c1530553a076e) Importer(815301076,1909f56bfc062723c751e8b465ee728b)
Start importing Assets/Art/proceed2.png using Guid(f0d7eb75ec585684580c1530553a076e) Importer(815301076,1909f56bfc062723c751e8b465ee728b)  -> (artifact id: '2e82f8726851f14c9f4067f0083bea56') in 0.035481 seconds 
========================================================================
Received Import Request.
  Time since last request: 0.000030 seconds.
  path: Assets/Art/vines.png
  artifactKey: Guid(18c05dafcde2592478dc14f90fafe174) Importer(815301076,1909f56bfc062723c751e8b465ee728b)
Start importing Assets/Art/vines.png using Guid(18c05dafcde2592478dc14f90fafe174) Importer(815301076,1909f56bfc062723c751e8b465ee728b)  -> (artifact id: '857833c371d0064bcd176af91e3419ed') in 0.305370 seconds 
========================================================================
Received Import Request.
  Time since last request: 0.000053 seconds.
  path: Assets/Art/exeicon.png
  artifactKey: Guid(342b5febbe8c72a449b72efab6d68681) Importer(815301076,1909f56bfc062723c751e8b465ee728b)
Start importing Assets/Art/exeicon.png using Guid(342b5febbe8c72a449b72efab6d68681) Importer(815301076,1909f56bfc062723c751e8b465ee728b)  -> (artifact id: '2e6296dc4eb3e81778c3b6bd57a61e97') in 0.108038 seconds 
========================================================================
Received Import Request.
  Time since last request: 0.000041 seconds.
  path: Assets/Art/background.png
  artifactKey: Guid(9ffe5aa05a000e44a856d942168782c8) Importer(815301076,1909f56bfc062723c751e8b465ee728b)
Start importing Assets/Art/background.png using Guid(9ffe5aa05a000e44a856d942168782c8) Importer(815301076,1909f56bfc062723c751e8b465ee728b)  -> (artifact id: '141b55dae62fba83e13eb378449a94cc') in 0.221981 seconds 
========================================================================
Received Import Request.
  Time since last request: 0.000030 seconds.
  path: Assets/Art/r3.png
  artifactKey: Guid(f960df1c46c7d414f8db4d9cc51a049e) Importer(815301076,1909f56bfc062723c751e8b465ee728b)
Start importing Assets/Art/r3.png using Guid(f960df1c46c7d414f8db4d9cc51a049e) Importer(815301076,1909f56bfc062723c751e8b465ee728b)  -> (artifact id: 'bb8bd25e6e90178b76c00f2611123f81') in 0.041008 seconds 
========================================================================
Received Import Request.
  Time since last request: 0.000040 seconds.
  path: Assets/Art/polaroid3.png
  artifactKey: Guid(8f302756511ce0d4c8b0895a2264324a) Importer(815301076,1909f56bfc062723c751e8b465ee728b)
Start importing Assets/Art/polaroid3.png using Guid(8f302756511ce0d4c8b0895a2264324a) Importer(815301076,1909f56bfc062723c751e8b465ee728b)  -> (artifact id: '9393ad2f23766a548d1624df8bb33a4a') in 0.057586 seconds 
Editor requested this worker to shutdown with reason: Scaling down because of idle timeout
AssetImportWorker is now disconnected from the server
Process exiting
Exiting without the bug reporter. Application will terminate with return code 0